12:33:34 [INFO] __add_instance (line 147) - Added assert from builtins Lib class
12:33:34 [INFO] __add_instance (line 147) - Added error from builtins Lib class
12:33:34 [INFO] __add_instance (line 147) - Added print from builtins Lib class
12:33:34 [INFO] __add_instance (line 147) - Added bool_to_string from casts Lib class
12:33:34 [INFO] __add_instance (line 147) - Added float_to_string from casts Lib class
12:33:34 [INFO] __add_instance (line 147) - Added int_to_string from casts Lib class
12:33:34 [INFO] __add_instance (line 147) - Added nil_to_string from casts Lib class
12:33:34 [INFO] __add_instance (line 147) - Added string_to_string from casts Lib class
12:33:34 [INFO] __add_instance (line 147) - Added bool_to_string from casts Lib class
12:33:34 [INFO] __add_instance (line 147) - Added float_to_string from casts Lib class
12:33:34 [INFO] __add_instance (line 147) - Added int_to_string from casts Lib class
12:33:34 [INFO] __add_instance (line 147) - Added nil_to_string from casts Lib class
12:33:34 [INFO] __add_instance (line 147) - Added string_to_string from casts Lib class
12:33:34 [INFO] __add_instance (line 147) - Added string_length from string Lib class
12:33:34 [INFO] __add_instance (line 147) - Added string_length from string Lib class
12:33:34 [INFO] __add_instance (line 147) - Added bool_and_bool from operations Lib class
12:33:34 [INFO] __add_instance (line 147) - Added bool_eq_bool from operations Lib class
12:33:34 [INFO] __add_instance (line 147) - Added bool_neq_bool from operations Lib class
12:33:34 [INFO] __add_instance (line 147) - Added bool_or_bool from operations Lib class
12:33:34 [INFO] __add_instance (line 147) - Added float_add_float from operations Lib class
12:33:34 [INFO] __add_instance (line 147) - Added float_div_float from operations Lib class
12:33:34 [INFO] __add_instance (line 147) - Added float_eq_float from operations Lib class
12:33:34 [INFO] __add_instance (line 147) - Added float_gt_float from operations Lib class
12:33:34 [INFO] __add_instance (line 147) - Added float_gte_float from operations Lib class
12:33:34 [INFO] __add_instance (line 147) - Added float_lt_float from operations Lib class
12:33:34 [INFO] __add_instance (line 147) - Added float_lte_float from operations Lib class
12:33:34 [INFO] __add_instance (line 147) - Added float_mod_float from operations Lib class
12:33:34 [INFO] __add_instance (line 147) - Added float_mul_float from operations Lib class
12:33:34 [INFO] __add_instance (line 147) - Added float_neq_float from operations Lib class
12:33:34 [INFO] __add_instance (line 147) - Added float_sub_float from operations Lib class
12:33:34 [INFO] __add_instance (line 147) - Added int_add_int from operations Lib class
12:33:34 [INFO] __add_instance (line 147) - Added int_div_int from operations Lib class
12:33:34 [INFO] __add_instance (line 147) - Added int_eq_int from operations Lib class
12:33:34 [INFO] __add_instance (line 147) - Added int_gt_int from operations Lib class
12:33:34 [INFO] __add_instance (line 147) - Added int_gte_int from operations Lib class
12:33:34 [INFO] __add_instance (line 147) - Added int_lt_int from operations Lib class
12:33:34 [INFO] __add_instance (line 147) - Added int_lte_int from operations Lib class
12:33:34 [INFO] __add_instance (line 147) - Added int_mod_int from operations Lib class
12:33:34 [INFO] __add_instance (line 147) - Added int_mul_int from operations Lib class
12:33:34 [INFO] __add_instance (line 147) - Added int_neq_int from operations Lib class
12:33:34 [INFO] __add_instance (line 147) - Added int_sub_int from operations Lib class
12:33:34 [INFO] __add_instance (line 147) - Added not_bool from operations Lib class
12:33:34 [INFO] __add_instance (line 147) - Added bool_and_bool from operations Lib class
12:33:34 [INFO] __add_instance (line 147) - Added bool_eq_bool from operations Lib class
12:33:34 [INFO] __add_instance (line 147) - Added bool_neq_bool from operations Lib class
12:33:34 [INFO] __add_instance (line 147) - Added bool_or_bool from operations Lib class
12:33:34 [INFO] __add_instance (line 147) - Added float_add_float from operations Lib class
12:33:34 [INFO] __add_instance (line 147) - Added float_div_float from operations Lib class
12:33:34 [INFO] __add_instance (line 147) - Added float_eq_float from operations Lib class
12:33:34 [INFO] __add_instance (line 147) - Added float_gt_float from operations Lib class
12:33:34 [INFO] __add_instance (line 147) - Added float_gte_float from operations Lib class
12:33:34 [INFO] __add_instance (line 147) - Added float_lt_float from operations Lib class
12:33:34 [INFO] __add_instance (line 147) - Added float_lte_float from operations Lib class
12:33:34 [INFO] __add_instance (line 147) - Added float_mod_float from operations Lib class
12:33:34 [INFO] __add_instance (line 147) - Added float_mul_float from operations Lib class
12:33:34 [INFO] __add_instance (line 147) - Added float_neq_float from operations Lib class
12:33:34 [INFO] __add_instance (line 147) - Added float_sub_float from operations Lib class
12:33:34 [INFO] __add_instance (line 147) - Added int_add_int from operations Lib class
12:33:34 [INFO] __add_instance (line 147) - Added int_div_int from operations Lib class
12:33:34 [INFO] __add_instance (line 147) - Added int_eq_int from operations Lib class
12:33:34 [INFO] __add_instance (line 147) - Added int_gt_int from operations Lib class
12:33:34 [INFO] __add_instance (line 147) - Added int_gte_int from operations Lib class
12:33:34 [INFO] __add_instance (line 147) - Added int_lt_int from operations Lib class
12:33:34 [INFO] __add_instance (line 147) - Added int_lte_int from operations Lib class
12:33:34 [INFO] __add_instance (line 147) - Added int_mod_int from operations Lib class
12:33:34 [INFO] __add_instance (line 147) - Added int_mul_int from operations Lib class
12:33:34 [INFO] __add_instance (line 147) - Added int_neq_int from operations Lib class
12:33:34 [INFO] __add_instance (line 147) - Added int_sub_int from operations Lib class
12:33:34 [INFO] __add_instance (line 147) - Added not_bool from operations Lib class
12:33:34 [INFO] compile_to_ll (line 28) - Compiling examples/test.cure to an LLVM IR file (.ll)
12:33:34 [INFO] compile_to_str (line 14) - Compiling examples/test.cure to string
12:33:34 [INFO] compile_to_str (line 21) - Parsed examples/test.cure
12:33:34 [DEBUG] compile_to_str (line 22) - IR = Program(pos=Position(line=0, column=0),
        nodes=[   Function(pos=Position(line=1, column=1),
                           name='main',
                           params=[],
                           type=int,
                           body=Body(pos=Position(line=1, column=18),
                                     nodes=[   Call(pos=Position(line=2,
                                                                 column=5),
                                                    callee='assert',
                                                    args=[   Bool(pos=Position(line=2,
                                                                               column=12),
                                                                  value=False),
                                                             String(pos=Position(line=2,
                                                                                 column=19),
                                                                    value='A')],
                                                    type=any),
                                               Return(pos=Position(line=3,
                                                                   column=5),
                                                      value=Int(pos=Position(line=3,
                                                                             column=12),
                                                                value=0))]),
                           flags=FunctionFlags(static=False,
                                               extern=False,
                                               public=False,
                                               property=False,
                                               method=False),
                           overloads=[])])
12:33:34 [INFO] run_on_Program (line 16) - Analysing program Program(pos=Position(line=0, column=0),
        nodes=[   Function(pos=Position(line=1, column=1),
                           name='main',
                           params=[],
                           type=int,
                           body=Body(pos=Position(line=1, column=18),
                                     nodes=[   Call(pos=Position(line=2,
                                                                 column=5),
                                                    callee='assert',
                                                    args=[   Bool(pos=Position(line=2,
                                                                               column=12),
                                                                  value=False),
                                                             String(pos=Position(line=2,
                                                                                 column=19),
                                                                    value='A')],
                                                    type=any),
                                               Return(pos=Position(line=3,
                                                                   column=5),
                                                      value=Int(pos=Position(line=3,
                                                                             column=12),
                                                                value=0))]),
                           flags=FunctionFlags(static=False,
                                               extern=False,
                                               public=False,
                                               property=False,
                                               method=False),
                           overloads=[])])
12:33:34 [INFO] run_on_Program (line 20) - Analysing Function
12:33:34 [INFO] run_on_Function (line 64) - Adding parameters to environment
12:33:34 [INFO] run_on_Body (line 35) - Entered child scope for body
12:33:34 [INFO] run_on_Body (line 38) - Analysing body node Call
12:33:34 [INFO] run_on_Body (line 38) - Analysing body node Return
12:33:34 [INFO] run_on_Body (line 41) - Exiting body
12:33:34 [INFO] run_on_Function (line 70) - Removing parameters from environment
12:33:34 [INFO] run_on_Program (line 23) - Finished analysing program Program(pos=Position(line=0, column=0),
        nodes=[   Function(pos=Position(line=1, column=1),
                           name='main',
                           params=[],
                           type=int,
                           body=Body(pos=Position(line=1, column=18),
                                     nodes=[   Call(pos=Position(line=2,
                                                                 column=5),
                                                    callee='assert',
                                                    args=[   Bool(pos=Position(line=2,
                                                                               column=12),
                                                                  value=False),
                                                             String(pos=Position(line=2,
                                                                                 column=19),
                                                                    value='A')],
                                                    type=any),
                                               Return(pos=Position(line=3,
                                                                   column=5),
                                                      value=Int(pos=Position(line=3,
                                                                             column=12),
                                                                value=0))]),
                           flags=FunctionFlags(static=False,
                                               extern=False,
                                               public=False,
                                               property=False,
                                               method=False),
                           overloads=[])])
12:33:34 [DEBUG] compile_to_str (line 24) - Analysed IR = Program(pos=Position(line=0, column=0),
        nodes=[   Function(pos=Position(line=1, column=1),
                           name='main',
                           params=[],
                           type=int,
                           body=Body(pos=Position(line=1, column=18),
                                     nodes=[   Call(pos=Position(line=2,
                                                                 column=5),
                                                    callee='assert',
                                                    args=[   Bool(pos=Position(line=2,
                                                                               column=12),
                                                                  value=False),
                                                             String(pos=Position(line=2,
                                                                                 column=19),
                                                                    value='A')],
                                                    type=nil),
                                               Return(pos=Position(line=3,
                                                                   column=5),
                                                      value=Int(pos=Position(line=3,
                                                                             column=12),
                                                                value=0))]),
                           flags=FunctionFlags(static=False,
                                               extern=False,
                                               public=False,
                                               property=False,
                                               method=False),
                           overloads=[])])
12:33:34 [INFO] __init__ (line 35) - Initialising LLVM
12:33:34 [INFO] __init__ (line 46) - Created module and builder
12:33:34 [DEBUG] __init__ (line 47) - Target = x86_64-pc-windows-msvc
12:33:34 [DEBUG] __init__ (line 64) - Registered: snprintf, puts, exit
12:33:34 [INFO] run_on_Program (line 72) - Compiling program
12:33:34 [INFO] run_on_Function (line 218) - Compiling function main
12:33:34 [INFO] run_on_Function (line 225) - Compiling function body
12:33:34 [INFO] run_on_Body (line 80) - Compiling body
12:33:34 [INFO] run_on_Body (line 83) - Compiling body statement Call
12:33:34 [INFO] run_on_Call (line 311) - Calling stdlib function assert
12:33:34 [INFO] wrapper (line 57) - Created definition context
12:33:34 [INFO] wrapper (line 64) - Compiling assert
12:33:34 [INFO] wrapper (line 57) - Created definition context
12:33:34 [INFO] wrapper (line 64) - Compiling error
12:33:34 [INFO] wrapper (line 66) - Compiled error
12:33:34 [INFO] wrapper (line 66) - Compiled assert
12:33:34 [INFO] run_on_Body (line 85) - Compiled body statement Call
12:33:34 [INFO] run_on_Body (line 83) - Compiling body statement Return
12:33:34 [INFO] run_on_Return (line 268) - Returning
12:33:34 [INFO] run_on_Body (line 85) - Compiled body statement Return
12:33:34 [INFO] run_on_Body (line 87) - Compiled body
12:33:34 [INFO] run_on_Function (line 244) - Finished compiling function main
12:33:34 [DEBUG] compile_to_ll (line 30) - LLVM IR = ; ModuleID = "main"
target triple = "x86_64-pc-windows-msvc"
target datalayout = ""

declare external i32 @"snprintf"(i8* %".1", i64 %".2", i8* %".3", ...)

declare external i32 @"puts"(i8* %".1")

declare external void @"exit"(i32 %".1")

define i32 @"main"()
{
.2:
  %".3" = insertvalue {i8*, i64} undef, i8* getelementptr ([2 x i8], [2 x i8]* @"str", i32 0, i32 0), 0
  %".4" = insertvalue {i8*, i64} %".3", i64 1, 1
  %".5" = call i8* @"assert"(i1 false, {i8*, i64} %".4")
  ret i32 0
}

@"str" = internal constant [2 x i8] c"A\00"
define i8* @"assert"(i1 %".1", {i8*, i64} %".2")
{
.4:
  %".5" = xor i1 %".1", -1
  br i1 %".5", label %".4.if", label %".4.endif"
.4.if:
  %".7" = call i8* @"error"({i8*, i64} %".2")
  ret i8* null
.4.endif:
  ret i8* null
}

define i8* @"error"({i8*, i64} %".1")
{
.3:
  %".4" = extractvalue {i8*, i64} %".1", 0
  %".5" = call i32 @"puts"(i8* %".4")
  call void @"exit"(i32 1)
  ret i8* null
}

12:33:34 [INFO] compile_to_ll (line 33) - Wrote to examples/test.ll
12:33:34 [INFO] compile_to_exe (line 39) - Compiling to executable file examples/test.exe using clang
